PID 14172 received SIGSEGV for address: 0xc39e441
SymInit: Symbol-SearchPath: '.;C:\Users\coolp\OneDrive\Desktop\CODINGSTUFF\DESKTHINGWEBAPP\RecordVisualAudio\yourapp\rav;C:\Program Files\nodejs;C:\windows;C:\windows\system32;SRV*C:\websymbols*http://msdl.microsoft.com/download/symbols;', symOptions: 530, UserName: 'coolp'
OS-Version: 10.0.22631 () 0x100-0x1
00007FF901DB2DCB (segfault-handler): (filename not available): (function-name not available)
00007FF901DB15CE (segfault-handler): (filename not available): (function-name not available)
00007FF93A147FAA (ntdll): (filename not available): RtlGetLengthWithoutLastFullDosOrNtPathElement
00007FF93A0EE662 (ntdll): (filename not available): RtlFindCharInUnicodeString
00007FF93A17426E (ntdll): (filename not available): KiUserExceptionDispatcher
00007FF90C39E441 (portaudio_x64): (filename not available): PaWasapi_ThreadPriorityRevert
00007FF90C39DBDD (portaudio_x64): (filename not available): PaWasapi_ThreadPriorityRevert
00007FF937469333 (ucrtbase): (filename not available): recalloc
00007FF93873259D (KERNEL32): (filename not available): BaseThreadInitThunk
00007FF93A12AF38 (ntdll): (filename not available): RtlUserThreadStart
PID 18788 received SIGSEGV for address: 0x108e441
SymInit: Symbol-SearchPath: '.;C:\Users\coolp\OneDrive\Desktop\CODINGSTUFF\DESKTHINGWEBAPP\RecordVisualAudio\yourapp\rav;C:\Program Files\nodejs;C:\windows;C:\windows\system32;SRV*C:\websymbols*http://msdl.microsoft.com/download/symbols;', symOptions: 530, UserName: 'coolp'
OS-Version: 10.0.22631 () 0x100-0x1
00007FF901042DCB (segfault-handler): (filename not available): (function-name not available)
00007FF9010415CE (segfault-handler): (filename not available): (function-name not available)
00007FF93A147FAA (ntdll): (filename not available): RtlGetLengthWithoutLastFullDosOrNtPathElement
00007FF93A0EE662 (ntdll): (filename not available): RtlFindCharInUnicodeString
00007FF93A17426E (ntdll): (filename not available): KiUserExceptionDispatcher
00007FF90108E441 (portaudio_x64): (filename not available): PaWasapi_ThreadPriorityRevert
00007FF90108DBDD (portaudio_x64): (filename not available): PaWasapi_ThreadPriorityRevert
00007FF937469333 (ucrtbase): (filename not available): recalloc
00007FF93873259D (KERNEL32): (filename not available): BaseThreadInitThunk
00007FF93A12AF38 (ntdll): (filename not available): RtlUserThreadStart
